SF:lib/core/widgets/app_button.dart
DA:9,2
DA:11,1
DA:13,1
DA:14,0
DA:15,0
DA:16,0
DA:17,0
DA:18,0
DA:20,0
DA:24,1
DA:25,1
DA:26,6
LF:12
LH:6
end_of_record
SF:lib/core/widgets/app_input.dart
DA:7,2
DA:9,1
DA:11,1
DA:12,1
DA:13,1
DA:14,1
LF:6
LH:6
end_of_record
SF:lib/core/widgets/app_card.dart
DA:7,2
DA:9,1
DA:11,1
DA:13,2
DA:14,3
LF:5
LH:5
end_of_record
SF:lib/core/theme/design_system.dart
DA:20,0
DA:31,0
DA:32,0
DA:33,0
DA:34,0
DA:46,0
DA:54,0
DA:55,0
DA:58,0
DA:63,0
DA:64,0
DA:66,0
DA:67,0
DA:70,0
DA:74,0
DA:75,0
DA:76,0
DA:77,0
LF:18
LH:0
end_of_record
